\BOOKMARK [0][-]{part.1}{I Vector Fields and Line Integrals}{}% 1
\BOOKMARK [1][-]{section*.1}{Vector Fields}{part.1}% 2
\BOOKMARK [1][-]{section*.2}{Flow Lines}{part.1}% 3
\BOOKMARK [1][-]{section*.3}{Gradient Fields}{part.1}% 4
\BOOKMARK [1][-]{section*.4}{Vector Line Integrals}{part.1}% 5
\BOOKMARK [1][-]{section*.5}{Scalar Line Integrals}{part.1}% 6
\BOOKMARK [1][-]{section*.6}{Line Integrals over Simple Curves}{part.1}% 7
\BOOKMARK [1][-]{section*.7}{Path-Connected and Simply Connected Regions}{part.1}% 8
\BOOKMARK [1][-]{section*.8}{Path Independence and FTLI}{part.1}% 9
\BOOKMARK [1][-]{section*.9}{Conservative Vector Fields}{part.1}% 10
\BOOKMARK [0][-]{part.2}{II Double Integrals}{}% 11
\BOOKMARK [1][-]{section*.10}{Double Integrals}{part.2}% 12
\BOOKMARK [1][-]{section*.11}{Iterated Integrals}{part.2}% 13
\BOOKMARK [1][-]{section*.12}{Fubini's Theorem}{part.2}% 14
\BOOKMARK [1][-]{section*.13}{Elementary Regions}{part.2}% 15
\BOOKMARK [1][-]{section*.14}{Double Integrals over Elementary Regions}{part.2}% 16
\BOOKMARK [1][-]{section*.15}{Changing the Order of Integration}{part.2}% 17
\BOOKMARK [1][-]{section*.16}{Review of u-substitution}{part.2}% 18
\BOOKMARK [1][-]{section*.17}{Change of Variables in Double Integrals}{part.2}% 19
\BOOKMARK [1][-]{section*.18}{Additional Examples of Change of Variables}{part.2}% 20
\BOOKMARK [1][-]{section*.19}{Green's Theorem}{part.2}% 21
\BOOKMARK [1][-]{section*.20}{Green's Theorem Examples}{part.2}% 22
\BOOKMARK [1][-]{section*.21}{Area of a Region}{part.2}% 23
\BOOKMARK [0][-]{part.3}{III Curl and Divergence}{}% 24
\BOOKMARK [1][-]{section*.22}{Curl of a Vector Field}{part.3}% 25
\BOOKMARK [1][-]{section*.23}{Geometric Significance of Curl}{part.3}% 26
\BOOKMARK [1][-]{section*.24}{Connections of Curl with Older Material}{part.3}% 27
\BOOKMARK [1][-]{section*.25}{Divergence}{part.3}% 28
\BOOKMARK [1][-]{section*.26}{Further Examples of Divergence}{part.3}% 29
\BOOKMARK [1][-]{section*.27}{Properties of Divergence}{part.3}% 30
\BOOKMARK [0][-]{part.4}{IV Surface Integrals}{}% 31
\BOOKMARK [1][-]{section*.28}{Surface Area}{part.4}% 32
\BOOKMARK [1][-]{section*.29}{Scalar Surface Integrals}{part.4}% 33
\BOOKMARK [0][-]{part.5}{V Triple Integrals}{}% 34
